<?xml version="1.0" encoding="UTF-8"?>
<!-- Generated by org.testng.reporters.JUnitXMLReporter -->
<testsuite hostname="Yuvan-HP-New" ignored="0" name="Default test" tests="14" failures="0" timestamp="2021-01-12T14:55:20 CET" time="0.047" errors="0">
  <testcase name="@BeforeClass setup" time="-1.610459720385E9" classname="com.flipkart.testng.FlipkartTest">
    <failure type="org.testng.TestNGException" message="
Parameter &amp;apos;node&amp;apos; is required by BeforeClass on method setup but has not been marked @Optional or defined
in C:\Users\venky\AppData\Local\Temp\testng-eclipse-26220254\testng-customsuite.xml">
      <![CDATA[org.testng.TestNGException: 
Parameter 'node' is required by BeforeClass on method setup but has not been marked @Optional or defined
in C:\Users\venky\AppData\Local\Temp\testng-eclipse-26220254\testng-customsuite.xml
at org.testng.internal.Parameters.createParams(Parameters.java:289)
at org.testng.internal.Parameters.createParametersForMethod(Parameters.java:377)
at org.testng.internal.Parameters.createParameters(Parameters.java:721)
at org.testng.internal.Parameters.createConfigurationParameters(Parameters.java:164)
at org.testng.internal.ConfigInvoker.invokeConfigurations(ConfigInvoker.java:275)
at org.testng.internal.TestMethodWorker.invokeBeforeClassMethods(TestMethodWorker.java:176)
at org.testng.internal.TestMethodWorker.run(TestMethodWorker.java:122)
at java.util.ArrayList.forEach(ArrayList.java:1257)
at org.testng.TestRunner.privateRun(TestRunner.java:770)
at org.testng.TestRunner.run(TestRunner.java:591)
at org.testng.SuiteRunner.runTest(SuiteRunner.java:402)
at org.testng.SuiteRunner.runSequentially(SuiteRunner.java:396)
at org.testng.SuiteRunner.privateRun(SuiteRunner.java:355)
at org.testng.SuiteRunner.run(SuiteRunner.java:304)
at org.testng.SuiteRunnerWorker.runSuite(SuiteRunnerWorker.java:53)
at org.testng.SuiteRunnerWorker.run(SuiteRunnerWorker.java:96)
at org.testng.TestNG.runSuitesSequentially(TestNG.java:1180)
at org.testng.TestNG.runSuitesLocally(TestNG.java:1102)
at org.testng.TestNG.runSuites(TestNG.java:1032)
at org.testng.TestNG.run(TestNG.java:1000)
at org.testng.remote.AbstractRemoteTestNG.run(AbstractRemoteTestNG.java:115)
at org.testng.remote.RemoteTestNG.initAndRun(RemoteTestNG.java:251)
at org.testng.remote.RemoteTestNG.main(RemoteTestNG.java:77)
]]>
    </failure>
  </testcase> <!-- @BeforeClass setup -->
  <testcase name="urlVerification" time="0.0" classname="com.flipkart.testng.FlipkartTest">
    <skipped/>
  </testcase> <!-- urlVerification -->
  <testcase name="modalAlertButtonVerification" time="0.0" classname="com.flipkart.testng.FlipkartTest">
    <skipped/>
  </testcase> <!-- modalAlertButtonVerification -->
  <testcase name="hoverMenuElectronicsMiVerification" time="0.0" classname="com.flipkart.testng.FlipkartTest">
    <skipped/>
  </testcase> <!-- hoverMenuElectronicsMiVerification -->
  <testcase name="labelVerification" time="0.0" classname="com.flipkart.testng.FlipkartTest">
    <skipped/>
  </testcase> <!-- labelVerification -->
  <testcase name="sliderVerification" time="0.0" classname="com.flipkart.testng.FlipkartTest">
    <skipped/>
  </testcase> <!-- sliderVerification -->
  <testcase name="dropdownSelectionVerification" time="0.0" classname="com.flipkart.testng.FlipkartTest">
    <skipped/>
  </testcase> <!-- dropdownSelectionVerification -->
  <testcase name="searchVerification" time="0.0" classname="com.flipkart.testng.FlipkartTest">
    <skipped/>
  </testcase> <!-- searchVerification -->
  <testcase name="selectFirstElementVerification" time="0.0" classname="com.flipkart.testng.FlipkartTest">
    <skipped/>
  </testcase> <!-- selectFirstElementVerification -->
  <testcase name="switchToNewWindowVerification" time="0.0" classname="com.flipkart.testng.FlipkartTest">
    <skipped/>
  </testcase> <!-- switchToNewWindowVerification -->
  <testcase name="priceVerification" time="0.0" classname="com.flipkart.testng.FlipkartTest">
    <skipped/>
  </testcase> <!-- priceVerification -->
  <testcase name="videoThumbnailVerification" time="0.0" classname="com.flipkart.testng.FlipkartTest">
    <skipped/>
  </testcase> <!-- videoThumbnailVerification -->
  <testcase name="keyboardEventVerification" time="0.0" classname="com.flipkart.testng.FlipkartTest">
    <skipped/>
  </testcase> <!-- keyboardEventVerification -->
  <testcase name="viewDetailsVerification" time="0.0" classname="com.flipkart.testng.FlipkartTest">
    <skipped/>
  </testcase> <!-- viewDetailsVerification -->
  <testcase name="addToCartVerification" time="0.0" classname="com.flipkart.testng.FlipkartTest">
    <skipped/>
  </testcase> <!-- addToCartVerification -->
</testsuite> <!-- Default test -->
